0 info it worked if it ends with ok
1 verbose cli [ 'C:\\Program Files\\nodejs\\node.exe',
1 verbose cli   'C:\\Program Files\\nodejs\\node_modules\\npm\\bin\\npm-cli.js',
1 verbose cli   'install',
1 verbose cli   'lemongrab',
1 verbose cli   '--save' ]
2 info using npm@2.15.1
3 info using node@v4.4.4
4 verbose install initial load of D:\JavaScriptWorkspace\Bootstrap\package.json
5 warn package.json Pizza@1.0.0 No repository field.
6 verbose installManyTop reading scoped package data from D:\JavaScriptWorkspace\Bootstrap\node_modules\basil.js\package.json
7 verbose installManyTop reading scoped package data from D:\JavaScriptWorkspace\Bootstrap\node_modules\body-parser\package.json
8 verbose installManyTop reading scoped package data from D:\JavaScriptWorkspace\Bootstrap\node_modules\brfs\package.json
9 verbose installManyTop reading scoped package data from D:\JavaScriptWorkspace\Bootstrap\node_modules\ejs\package.json
10 verbose installManyTop reading scoped package data from D:\JavaScriptWorkspace\Bootstrap\node_modules\express\package.json
11 verbose installManyTop reading scoped package data from D:\JavaScriptWorkspace\Bootstrap\node_modules\grunt\package.json
12 verbose installManyTop reading scoped package data from D:\JavaScriptWorkspace\Bootstrap\node_modules\grunt-browserify\package.json
13 verbose installManyTop reading scoped package data from D:\JavaScriptWorkspace\Bootstrap\node_modules\grunt-contrib-watch\package.json
14 verbose installManyTop reading scoped package data from D:\JavaScriptWorkspace\Bootstrap\node_modules\mongodb\package.json
15 verbose installManyTop reading scoped package data from D:\JavaScriptWorkspace\Bootstrap\node_modules\morgan\package.json
16 verbose installManyTop reading scoped package data from D:\JavaScriptWorkspace\Bootstrap\node_modules\node-static\package.json
17 info package.json basil.js@0.4.3 No repository field.
18 info package.json basil.js@0.4.3 No license field.
19 info package.json grunt@0.4.5 No license field.
20 info package.json grunt-browserify@4.0.1 No license field.
21 info package.json grunt-contrib-watch@0.6.1 No license field.
22 verbose readDependencies loading dependencies from D:\JavaScriptWorkspace\Bootstrap\package.json
23 silly cache add args [ 'lemongrab', null ]
24 verbose cache add spec lemongrab
25 silly cache add parsed spec Result {
25 silly cache add   raw: 'lemongrab',
25 silly cache add   scope: null,
25 silly cache add   name: 'lemongrab',
25 silly cache add   rawSpec: '',
25 silly cache add   spec: 'latest',
25 silly cache add   type: 'tag' }
26 silly addNamed lemongrab@latest
27 verbose addNamed "latest" is being treated as a dist-tag for lemongrab
28 info addNameTag [ 'lemongrab', 'latest' ]
29 silly mapToRegistry name lemongrab
30 silly mapToRegistry using default registry
31 silly mapToRegistry registry https://registry.npmjs.org/
32 silly mapToRegistry data Result {
32 silly mapToRegistry   raw: 'lemongrab',
32 silly mapToRegistry   scope: null,
32 silly mapToRegistry   name: 'lemongrab',
32 silly mapToRegistry   rawSpec: '',
32 silly mapToRegistry   spec: 'latest',
32 silly mapToRegistry   type: 'tag' }
33 silly mapToRegistry uri https://registry.npmjs.org/lemongrab
34 verbose addNameTag registry:https://registry.npmjs.org/lemongrab not in flight; fetching
35 verbose request uri https://registry.npmjs.org/lemongrab
36 verbose request no auth needed
37 info attempt registry request try #1 at 20:11:21
38 verbose request id 0e2e3a800837569c
39 http request GET https://registry.npmjs.org/lemongrab
40 http 404 https://registry.npmjs.org/lemongrab
41 verbose headers { 'content-type': 'application/json',
41 verbose headers   'cache-control': 'max-age=0',
41 verbose headers   'content-length': '2',
41 verbose headers   'accept-ranges': 'bytes',
41 verbose headers   date: 'Fri, 17 Jun 2016 17:11:20 GMT',
41 verbose headers   via: '1.1 varnish',
41 verbose headers   age: '0',
41 verbose headers   connection: 'keep-alive',
41 verbose headers   'x-served-by': 'cache-ams4133-AMS',
41 verbose headers   'x-cache': 'MISS',
41 verbose headers   'x-cache-hits': '0',
41 verbose headers   'x-timer': 'S1466183479.772467,VS0,VE694',
41 verbose headers   vary: 'Accept-Encoding' }
42 silly get cb [ 404,
42 silly get   { 'content-type': 'application/json',
42 silly get     'cache-control': 'max-age=0',
42 silly get     'content-length': '2',
42 silly get     'accept-ranges': 'bytes',
42 silly get     date: 'Fri, 17 Jun 2016 17:11:20 GMT',
42 silly get     via: '1.1 varnish',
42 silly get     age: '0',
42 silly get     connection: 'keep-alive',
42 silly get     'x-served-by': 'cache-ams4133-AMS',
42 silly get     'x-cache': 'MISS',
42 silly get     'x-cache-hits': '0',
42 silly get     'x-timer': 'S1466183479.772467,VS0,VE694',
42 silly get     vary: 'Accept-Encoding' } ]
43 verbose stack Error: Registry returned 404 for GET on https://registry.npmjs.org/lemongrab
43 verbose stack     at makeError (C:\Program Files\nodejs\node_modules\npm\node_modules\npm-registry-client\lib\request.js:264:12)
43 verbose stack     at CachingRegistryClient.<anonymous> (C:\Program Files\nodejs\node_modules\npm\node_modules\npm-registry-client\lib\request.js:242:14)
43 verbose stack     at Request._callback (C:\Program Files\nodejs\node_modules\npm\node_modules\npm-registry-client\lib\request.js:172:14)
43 verbose stack     at Request.self.callback (C:\Program Files\nodejs\node_modules\npm\node_modules\request\request.js:199:22)
43 verbose stack     at emitTwo (events.js:87:13)
43 verbose stack     at Request.emit (events.js:172:7)
43 verbose stack     at Request.<anonymous> (C:\Program Files\nodejs\node_modules\npm\node_modules\request\request.js:1036:10)
43 verbose stack     at emitOne (events.js:82:20)
43 verbose stack     at Request.emit (events.js:169:7)
43 verbose stack     at IncomingMessage.<anonymous> (C:\Program Files\nodejs\node_modules\npm\node_modules\request\request.js:963:12)
44 verbose statusCode 404
45 verbose pkgid lemongrab
46 verbose cwd D:\JavaScriptWorkspace\Bootstrap
47 error Windows_NT 6.1.7601
48 error argv "C:\\Program Files\\nodejs\\node.exe" "C:\\Program Files\\nodejs\\node_modules\\npm\\bin\\npm-cli.js" "install" "lemongrab" "--save"
49 error node v4.4.4
50 error npm  v2.15.1
51 error code E404
52 error 404 Registry returned 404 for GET on https://registry.npmjs.org/lemongrab
52 error 404
52 error 404 'lemongrab' is not in the npm registry.
52 error 404 You should bug the author to publish it (or use the name yourself!)
52 error 404 It was specified as a dependency of 'Pizza'
52 error 404
52 error 404 Note that you can also install from a
52 error 404 tarball, folder, http url, or git url.
53 verbose exit [ 1, true ]
